2026/01/22 03:36:52 
2026/01/22 03:36:52 ## OPEN LOG FILE  boot  20260122 03:36:52.673 ##
2026/01/22 03:36:52 
2026/01/22 03:36:52 [Config] okind_name=, onode_name=
2026/01/22 03:36:52 [WA214] Config: whatap.conf
2026/01/22 03:36:52 [WA173-00] accesskey is not set. value is 
2026/01/22 03:39:57 
2026/01/22 03:39:57 ## OPEN LOG FILE  boot  20260122 03:39:57.243 ##
2026/01/22 03:39:57 
2026/01/22 03:39:57 [Config] okind_name=, onode_name=
2026/01/22 03:39:57 [WA214] Config: whatap.conf
2026/01/22 03:39:57 [WA173-00] accesskey is not set. value is 
2026/01/22 03:42:02 
2026/01/22 03:42:02 ## OPEN LOG FILE  boot  20260122 03:42:02.350 ##
2026/01/22 03:42:02 
2026/01/22 03:42:02 [Config] okind_name=, onode_name=
2026/01/22 03:42:02 [WA214] Config: whatap.conf
2026/01/22 03:42:02 [WA173-00] accesskey is not set. value is 
2026/01/22 03:55:14 
2026/01/22 03:55:14 ## OPEN LOG FILE  boot  20260122 03:55:14.874 ##
2026/01/22 03:55:14 
2026/01/22 03:55:14 [Config] okind_name=, onode_name=
2026/01/22 03:55:14 [WA214] Config: whatap.conf
2026/01/22 03:55:14 [WA173-00] accesskey is not set. value is 
2026/01/22 04:00:30 
2026/01/22 04:00:30 ## OPEN LOG FILE  boot  20260122 04:00:30.887 ##
2026/01/22 04:00:30 
2026/01/22 04:00:30 [Config] okind_name=, onode_name=
2026/01/22 04:00:30 [WA214] Config: whatap.conf
2026/01/22 04:00:30 [WA173-00] accesskey is not set. value is 
2026/01/22 04:01:28 
2026/01/22 04:01:28 ## OPEN LOG FILE  boot  20260122 04:01:28.328 ##
2026/01/22 04:01:28 
2026/01/22 04:01:28 [WA214] Config: whatap.conf
2026/01/22 04:01:28 [WA173-00] accesskey is not set. value is 
2026/01/22 04:12:28 
2026/01/22 04:12:28 ## OPEN LOG FILE  boot  20260122 04:12:28.708 ##
2026/01/22 04:12:28 
2026/01/22 04:12:28 [WA214] Config: whatap.conf
2026/01/22 04:12:28 [WA173-00] accesskey is not set. value is 
2026/01/22 04:13:24 
2026/01/22 04:13:24 ## OPEN LOG FILE  boot  20260122 04:13:24.532 ##
2026/01/22 04:13:24 
2026/01/22 04:13:24 [WA214] Config: whatap.conf
2026/01/22 04:13:24 [WA173-00] accesskey is not set. value is 
2026/01/22 06:19:48 
2026/01/22 06:19:48 ## OPEN LOG FILE  boot  20260122 06:19:48.925 ##
2026/01/22 06:19:48 
2026/01/22 06:19:48 [Config] okind_name=, onode_name=
2026/01/22 06:19:48 [WA214] Config: whatap.conf
2026/01/22 06:19:48 [WA173-00] accesskey is not set. value is 
2026/01/22 06:20:44 
2026/01/22 06:20:44 ## OPEN LOG FILE  boot  20260122 06:20:44.963 ##
2026/01/22 06:20:44 
2026/01/22 06:20:44 [WA214] Config: whatap.conf
2026/01/22 06:20:44 [WA173-00] accesskey is not set. value is 
2026/01/22 07:23:34 
2026/01/22 07:23:34 ## OPEN LOG FILE  boot  20260122 07:23:34.741 ##
2026/01/22 07:23:34 
2026/01/22 07:23:34 [Config] okind_name=, onode_name=
2026/01/22 07:23:34 [WA214] Config: whatap.conf
2026/01/22 07:23:34 [WA173-00] accesskey is not set. value is 
2026/01/22 07:24:30 
2026/01/22 07:24:30 ## OPEN LOG FILE  boot  20260122 07:24:30.968 ##
2026/01/22 07:24:30 
2026/01/22 07:24:30 [WA173-00] accesskey is not set. value is 
2026/01/22 08:56:18 
2026/01/22 08:56:18 ## OPEN LOG FILE  boot  20260122 08:56:18.89 ##
2026/01/22 08:56:18 
2026/01/22 08:56:18 [WA214] Config: whatap.conf
2026/01/22 08:56:18 [WA173-00] accesskey is not set. value is 
2026/01/22 08:57:13 
2026/01/22 08:57:13 ## OPEN LOG FILE  boot  20260122 08:57:13.669 ##
2026/01/22 08:57:13 
2026/01/22 08:57:13 [Config] okind_name=, onode_name=
2026/01/22 08:57:13 [WA214] Config: whatap.conf
2026/01/22 08:57:13 [WA173-00] accesskey is not set. value is 
2026/01/22 09:24:24 
2026/01/22 09:24:24 ## OPEN LOG FILE  boot  20260122 09:24:24.688 ##
2026/01/22 09:24:24 
2026/01/22 09:24:24 [WA173-00] accesskey is not set. value is 
2026/01/22 09:25:19 
2026/01/22 09:25:19 ## OPEN LOG FILE  boot  20260122 09:25:19.871 ##
2026/01/22 09:25:19 
2026/01/22 09:25:19 [WA173-00] accesskey is not set. value is 
