2024/03/13 06:49:33 
2024/03/13 06:49:33 ## OPEN LOG FILE  boot  20240313 06:49:33.828 ##
2024/03/13 06:49:33 
2024/03/13 06:49:33 [WA181]  Close TCP connection
2024/03/13 07:40:27 
2024/03/13 07:40:27 ## OPEN LOG FILE  boot  20240313 07:40:27.801 ##
2024/03/13 07:40:27 
2024/03/13 07:40:27 [APP_TYPE] 8
2024/03/13 07:40:27 [Config] okind_name=, onode_name=
2024/03/13 07:40:27 [Config] okind_name=, onode_name=
2024/03/13 07:40:27 [WA214] Config: whatap.conf
2024/03/13 07:40:27 [WA181]  Close TCP connection
2024/03/13 07:50:12 
2024/03/13 07:50:12 ## OPEN LOG FILE  boot  20240313 07:50:12.778 ##
2024/03/13 07:50:12 
2024/03/13 07:50:12 [APP_TYPE] 8
2024/03/13 07:50:12 [Config] okind_name=, onode_name=
2024/03/13 07:50:12 [Config] okind_name=, onode_name=
2024/03/13 07:50:12 [WA214] Config: whatap.conf
2024/03/13 07:50:12 [WA181]  Close TCP connection
