2025/09/08 02:54:26 
2025/09/08 02:54:26 ## OPEN LOG FILE  boot  20250908 02:54:26.518 ##
2025/09/08 02:54:26 
2025/09/08 02:54:26 [WA173-00] accesskey is not set. value is 
2025/09/08 03:15:10 
2025/09/08 03:15:10 ## OPEN LOG FILE  boot  20250908 03:15:10.583 ##
2025/09/08 03:15:10 
2025/09/08 03:15:10 [Config] okind_name=, onode_name=
2025/09/08 03:15:10 [WA214] Config: whatap.conf
2025/09/08 03:15:10 [WA173-00] accesskey is not set. value is 
2025/09/08 05:22:17 
2025/09/08 05:22:17 ## OPEN LOG FILE  boot  20250908 05:22:17.306 ##
2025/09/08 05:22:17 
2025/09/08 05:22:17 [Config] okind_name=, onode_name=
2025/09/08 05:22:17 [WA214] Config: whatap.conf
2025/09/08 05:22:17 [WA173-00] accesskey is not set. value is 
2025/09/08 05:22:20 [Config] okind_name=, onode_name=
2025/09/08 05:47:17 
2025/09/08 05:47:17 ## OPEN LOG FILE  boot  20250908 05:47:17.448 ##
2025/09/08 05:47:17 
2025/09/08 05:47:17 [WA173-00] accesskey is not set. value is 
