2023/06/22 00:14:50 
2023/06/22 00:14:50 ## OPEN LOG FILE  boot  20230622 00:14:50.275 ##
2023/06/22 00:14:50 
2023/06/22 00:14:50 [APP_TYPE] 8
2023/06/22 00:14:50 [Config] okind_name=, onode_name=
2023/06/22 00:14:50 [WA212] fail to load license file
2023/06/22 00:14:50 [31m[WA21901] error load properties open whatap.conf: no such file or directory[0m
2023/06/22 00:14:50 [WA181]  Close TCP connection
2023/06/22 00:14:50 [31m[WA21901] error load properties open whatap.conf: no such file or directory[0m
2023/06/22 00:14:50 [31m[WA21901] error load properties open whatap.conf: no such file or directory[0m
2023/06/22 00:14:50 [31m[WA21901] error load properties open whatap.conf: no such file or directory[0m
2023/06/22 00:14:50 [31m[WA21901] error load properties open whatap.conf: no such file or directory[0m
2023/06/22 00:21:26 
2023/06/22 00:21:26 ## OPEN LOG FILE  boot  20230622 00:21:26.141 ##
2023/06/22 00:21:26 
2023/06/22 00:21:26 [WA212] fail to load license file
2023/06/22 00:21:26 [31m[WA21901] error load properties open whatap.conf: no such file or directory[0m
2023/06/22 00:21:26 [WA181]  Close TCP connection
2023/06/22 00:21:26 [31m[WA21901] error load properties open whatap.conf: no such file or directory[0m
2023/06/22 00:21:26 [31m[WA21901] error load properties open whatap.conf: no such file or directory[0m
2023/06/22 00:21:26 [31m[WA21901] error load properties open whatap.conf: no such file or directory[0m
2023/06/22 00:21:26 [31m[WA21901] error load properties open whatap.conf: no such file or directory[0m
2023/06/22 00:58:42 
2023/06/22 00:58:43 ## OPEN LOG FILE  boot  20230622 00:58:43.04 ##
2023/06/22 00:58:43 
2023/06/22 00:58:43 [APP_TYPE] 8
2023/06/22 00:58:43 [Config] okind_name=, onode_name=
2023/06/22 00:58:43 [WA212] fail to load license file
2023/06/22 00:58:43 [31m[WA21901] error load properties open whatap.conf: no such file or directory[0m
2023/06/22 00:58:43 [WA181]  Close TCP connection
2023/06/22 00:58:43 [31m[WA21901] error load properties open whatap.conf: no such file or directory[0m
2023/06/22 00:58:43 [31m[WA21901] error load properties open whatap.conf: no such file or directory[0m
2023/06/22 00:58:43 [31m[WA21901] error load properties open whatap.conf: no such file or directory[0m
2023/06/22 00:58:43 [31m[WA21901] error load properties open whatap.conf: no such file or directory[0m
2023/06/22 01:05:11 
2023/06/22 01:05:11 ## OPEN LOG FILE  boot  20230622 01:05:11.27 ##
2023/06/22 01:05:11 
2023/06/22 01:05:11 [31m[WA21901] error load properties open whatap.conf: no such file or directory[0m
2023/06/22 01:05:11 [WA181]  Close TCP connection
2023/06/22 01:05:11 [31m[WA21901] error load properties open whatap.conf: no such file or directory[0m
2023/06/22 01:05:11 [31m[WA21901] error load properties open whatap.conf: no such file or directory[0m
2023/06/22 01:05:11 [31m[WA21901] error load properties open whatap.conf: no such file or directory[0m
2023/06/22 01:05:11 [31m[WA21901] error load properties open whatap.conf: no such file or directory[0m
