2023/11/20 05:02:17 
2023/11/20 05:02:17 ## OPEN LOG FILE  boot  20231120 05:02:17.502 ##
2023/11/20 05:02:17 
2023/11/20 05:02:17 [APP_TYPE] 8
2023/11/20 05:02:17 [Config] okind_name=, onode_name=
2023/11/20 05:02:17 [WA212] fail to load license file
2023/11/20 05:02:17 [31m[WA21901] error load properties open whatap.conf: no such file or directory[0m
2023/11/20 05:02:17 [WA181]  Close TCP connection
2023/11/20 05:02:17 [31m[WA21901] error load properties open whatap.conf: no such file or directory[0m
2023/11/20 05:02:17 [31m[WA21901] error load properties open whatap.conf: no such file or directory[0m
2023/11/20 05:02:17 [31m[WA21901] error load properties open whatap.conf: no such file or directory[0m
2023/11/20 05:02:17 [31m[WA21901] error load properties open whatap.conf: no such file or directory[0m
2023/11/20 05:10:34 
2023/11/20 05:10:34 ## OPEN LOG FILE  boot  20231120 05:10:34.395 ##
2023/11/20 05:10:34 
2023/11/20 05:10:34 [APP_TYPE] 8
2023/11/20 05:10:34 [Config] okind_name=, onode_name=
2023/11/20 05:10:34 [WA212] fail to load license file
2023/11/20 05:10:34 [31m[WA21901] error load properties open whatap.conf: no such file or directory[0m
2023/11/20 05:10:34 [WA181]  Close TCP connection
2023/11/20 05:10:34 [31m[WA21901] error load properties open whatap.conf: no such file or directory[0m
2023/11/20 05:10:34 [31m[WA21901] error load properties open whatap.conf: no such file or directory[0m
2023/11/20 05:10:34 [31m[WA21901] error load properties open whatap.conf: no such file or directory[0m
2023/11/20 05:10:34 [31m[WA21901] error load properties open whatap.conf: no such file or directory[0m
2023/11/20 05:27:32 
2023/11/20 05:27:32 ## OPEN LOG FILE  boot  20231120 05:27:32.950 ##
2023/11/20 05:27:32 
2023/11/20 05:27:32 [APP_TYPE] 8
2023/11/20 05:27:32 [Config] okind_name=, onode_name=
2023/11/20 05:27:32 [WA212] fail to load license file
2023/11/20 05:27:32 [31m[WA21901] error load properties open whatap.conf: no such file or directory[0m
2023/11/20 05:27:32 [WA181]  Close TCP connection
2023/11/20 05:27:32 [31m[WA21901] error load properties open whatap.conf: no such file or directory[0m
2023/11/20 05:27:32 [31m[WA21901] error load properties open whatap.conf: no such file or directory[0m
2023/11/20 05:27:32 [31m[WA21901] error load properties open whatap.conf: no such file or directory[0m
2023/11/20 05:27:32 [31m[WA21901] error load properties open whatap.conf: no such file or directory[0m
2023/11/20 05:35:33 
2023/11/20 05:35:33 ## OPEN LOG FILE  boot  20231120 05:35:33.317 ##
2023/11/20 05:35:33 
2023/11/20 05:35:33 [31m[WA21901] error load properties open whatap.conf: no such file or directory[0m
2023/11/20 05:35:33 [WA181]  Close TCP connection
2023/11/20 05:35:33 [31m[WA21901] error load properties open whatap.conf: no such file or directory[0m
2023/11/20 05:35:33 [31m[WA21901] error load properties open whatap.conf: no such file or directory[0m
2023/11/20 05:35:33 [31m[WA21901] error load properties open whatap.conf: no such file or directory[0m
2023/11/20 05:35:33 [31m[WA21901] error load properties open whatap.conf: no such file or directory[0m
2023/11/20 07:46:59 
2023/11/20 07:46:59 ## OPEN LOG FILE  boot  20231120 07:46:59.277 ##
2023/11/20 07:46:59 
2023/11/20 07:46:59 [APP_TYPE] 8
2023/11/20 07:46:59 [Config] okind_name=, onode_name=
2023/11/20 07:46:59 [WA212] fail to load license file
2023/11/20 07:46:59 [31m[WA21901] error load properties open whatap.conf: no such file or directory[0m
2023/11/20 07:46:59 [WA181]  Close TCP connection
2023/11/20 07:46:59 [31m[WA21901] error load properties open whatap.conf: no such file or directory[0m
2023/11/20 07:46:59 [31m[WA21901] error load properties open whatap.conf: no such file or directory[0m
2023/11/20 07:46:59 [31m[WA21901] error load properties open whatap.conf: no such file or directory[0m
2023/11/20 07:46:59 [31m[WA21901] error load properties open whatap.conf: no such file or directory[0m
2023/11/20 07:55:10 
2023/11/20 07:55:10 ## OPEN LOG FILE  boot  20231120 07:55:10.792 ##
2023/11/20 07:55:10 
2023/11/20 07:55:10 [APP_TYPE] 8
2023/11/20 07:55:10 [Config] okind_name=, onode_name=
2023/11/20 07:55:10 [WA212] fail to load license file
2023/11/20 07:55:10 [31m[WA21901] error load properties open whatap.conf: no such file or directory[0m
2023/11/20 07:55:10 [WA181]  Close TCP connection
2023/11/20 07:55:10 [31m[WA21901] error load properties open whatap.conf: no such file or directory[0m
2023/11/20 07:55:10 [31m[WA21901] error load properties open whatap.conf: no such file or directory[0m
2023/11/20 07:55:10 [31m[WA21901] error load properties open whatap.conf: no such file or directory[0m
2023/11/20 07:55:11 [31m[WA21901] error load properties open whatap.conf: no such file or directory[0m
