2023/09/13 06:13:50 
2023/09/13 06:13:50 ## OPEN LOG FILE  boot  20230913 06:13:50.954 ##
2023/09/13 06:13:50 
2023/09/13 06:13:50 [APP_TYPE] 8
2023/09/13 06:13:50 [Config] okind_name=, onode_name=
2023/09/13 06:13:50 [WA212] fail to load license file
2023/09/13 06:13:50 [31m[WA21901] error load properties open whatap.conf: no such file or directory[0m
2023/09/13 06:13:50 [WA181]  Close TCP connection
2023/09/13 06:13:50 [31m[WA21901] error load properties open whatap.conf: no such file or directory[0m
2023/09/13 06:13:50 [31m[WA21901] error load properties open whatap.conf: no such file or directory[0m
2023/09/13 06:13:50 [31m[WA21901] error load properties open whatap.conf: no such file or directory[0m
2023/09/13 06:13:50 [31m[WA21901] error load properties open whatap.conf: no such file or directory[0m
2023/09/13 06:21:33 
2023/09/13 06:21:33 ## OPEN LOG FILE  boot  20230913 06:21:33.445 ##
2023/09/13 06:21:33 
2023/09/13 06:21:33 [APP_TYPE] 8
2023/09/13 06:21:33 [Config] okind_name=, onode_name=
2023/09/13 06:21:33 [WA212] fail to load license file
2023/09/13 06:21:33 [31m[WA21901] error load properties open whatap.conf: no such file or directory[0m
2023/09/13 06:21:33 [WA181]  Close TCP connection
2023/09/13 06:21:33 [31m[WA21901] error load properties open whatap.conf: no such file or directory[0m
2023/09/13 06:21:33 [31m[WA21901] error load properties open whatap.conf: no such file or directory[0m
2023/09/13 06:21:33 [31m[WA21901] error load properties open whatap.conf: no such file or directory[0m
2023/09/13 06:21:33 [31m[WA21901] error load properties open whatap.conf: no such file or directory[0m
