2023/11/22 01:46:27 
2023/11/22 01:46:27 ## OPEN LOG FILE  boot  20231122 01:46:27.356 ##
2023/11/22 01:46:27 
2023/11/22 01:46:27 [APP_TYPE] 8
2023/11/22 01:46:27 [Config] okind_name=, onode_name=
2023/11/22 01:46:27 [WA212] fail to load license file
2023/11/22 01:46:27 [31m[WA21901] error load properties open whatap.conf: no such file or directory[0m
2023/11/22 01:46:27 [WA181]  Close TCP connection
2023/11/22 01:46:27 [31m[WA21901] error load properties open whatap.conf: no such file or directory[0m
2023/11/22 01:46:27 [31m[WA21901] error load properties open whatap.conf: no such file or directory[0m
2023/11/22 01:46:27 [31m[WA21901] error load properties open whatap.conf: no such file or directory[0m
2023/11/22 01:46:27 [31m[WA21901] error load properties open whatap.conf: no such file or directory[0m
2023/11/22 01:54:07 
2023/11/22 01:54:07 ## OPEN LOG FILE  boot  20231122 01:54:07.268 ##
2023/11/22 01:54:07 
2023/11/22 01:54:07 [APP_TYPE] 8
2023/11/22 01:54:07 [Config] okind_name=, onode_name=
2023/11/22 01:54:07 [WA212] fail to load license file
2023/11/22 01:54:07 [31m[WA21901] error load properties open whatap.conf: no such file or directory[0m
2023/11/22 01:54:07 [WA181]  Close TCP connection
2023/11/22 01:54:07 [31m[WA21901] error load properties open whatap.conf: no such file or directory[0m
2023/11/22 01:54:07 [31m[WA21901] error load properties open whatap.conf: no such file or directory[0m
2023/11/22 01:54:07 [31m[WA21901] error load properties open whatap.conf: no such file or directory[0m
2023/11/22 01:54:07 [31m[WA21901] error load properties open whatap.conf: no such file or directory[0m
2023/11/22 02:56:36 
2023/11/22 02:56:36 ## OPEN LOG FILE  boot  20231122 02:56:36.719 ##
2023/11/22 02:56:36 
2023/11/22 02:56:36 [APP_TYPE] 8
2023/11/22 02:56:36 [Config] okind_name=, onode_name=
2023/11/22 02:56:36 [WA212] fail to load license file
2023/11/22 02:56:36 [31m[WA21901] error load properties open whatap.conf: no such file or directory[0m
2023/11/22 02:56:36 [WA181]  Close TCP connection
2023/11/22 02:56:36 [31m[WA21901] error load properties open whatap.conf: no such file or directory[0m
2023/11/22 02:56:36 [31m[WA21901] error load properties open whatap.conf: no such file or directory[0m
2023/11/22 02:56:36 [31m[WA21901] error load properties open whatap.conf: no such file or directory[0m
2023/11/22 02:56:36 [31m[WA21901] error load properties open whatap.conf: no such file or directory[0m
2023/11/22 03:05:08 
2023/11/22 03:05:08 ## OPEN LOG FILE  boot  20231122 03:05:08.724 ##
2023/11/22 03:05:08 
2023/11/22 03:05:08 [31m[WA21901] error load properties open whatap.conf: no such file or directory[0m
2023/11/22 03:05:08 [WA181]  Close TCP connection
2023/11/22 03:05:08 [31m[WA21901] error load properties open whatap.conf: no such file or directory[0m
2023/11/22 03:05:08 [31m[WA21901] error load properties open whatap.conf: no such file or directory[0m
2023/11/22 03:05:08 [31m[WA21901] error load properties open whatap.conf: no such file or directory[0m
2023/11/22 03:05:08 [31m[WA21901] error load properties open whatap.conf: no such file or directory[0m
2023/11/22 04:57:33 
2023/11/22 04:57:33 ## OPEN LOG FILE  boot  20231122 04:57:33.331 ##
2023/11/22 04:57:33 
2023/11/22 04:57:33 [APP_TYPE] 8
2023/11/22 04:57:33 [Config] okind_name=, onode_name=
2023/11/22 04:57:33 [WA212] fail to load license file
2023/11/22 04:57:33 [31m[WA21901] error load properties open whatap.conf: no such file or directory[0m
2023/11/22 04:57:33 [WA181]  Close TCP connection
2023/11/22 04:57:33 [31m[WA21901] error load properties open whatap.conf: no such file or directory[0m
2023/11/22 04:57:33 [31m[WA21901] error load properties open whatap.conf: no such file or directory[0m
2023/11/22 04:57:33 [31m[WA21901] error load properties open whatap.conf: no such file or directory[0m
2023/11/22 04:57:33 [31m[WA21901] error load properties open whatap.conf: no such file or directory[0m
2023/11/22 05:05:50 
2023/11/22 05:05:50 ## OPEN LOG FILE  boot  20231122 05:05:50.177 ##
2023/11/22 05:05:50 
2023/11/22 05:05:50 [APP_TYPE] 8
2023/11/22 05:05:50 [Config] okind_name=, onode_name=
2023/11/22 05:05:50 [WA212] fail to load license file
2023/11/22 05:05:50 [31m[WA21901] error load properties open whatap.conf: no such file or directory[0m
2023/11/22 05:05:50 [WA181]  Close TCP connection
2023/11/22 05:05:50 [31m[WA21901] error load properties open whatap.conf: no such file or directory[0m
2023/11/22 05:05:50 [31m[WA21901] error load properties open whatap.conf: no such file or directory[0m
2023/11/22 05:05:50 [31m[WA21901] error load properties open whatap.conf: no such file or directory[0m
2023/11/22 05:05:50 [31m[WA21901] error load properties open whatap.conf: no such file or directory[0m
2023/11/22 08:49:12 
2023/11/22 08:49:12 ## OPEN LOG FILE  boot  20231122 08:49:12.952 ##
2023/11/22 08:49:12 
2023/11/22 08:49:12 [APP_TYPE] 8
2023/11/22 08:49:12 [Config] okind_name=, onode_name=
2023/11/22 08:49:12 [WA212] fail to load license file
2023/11/22 08:49:12 [31m[WA21901] error load properties open whatap.conf: no such file or directory[0m
2023/11/22 08:49:12 [WA181]  Close TCP connection
2023/11/22 08:49:12 [31m[WA21901] error load properties open whatap.conf: no such file or directory[0m
2023/11/22 08:49:12 [31m[WA21901] error load properties open whatap.conf: no such file or directory[0m
2023/11/22 08:49:12 [31m[WA21901] error load properties open whatap.conf: no such file or directory[0m
2023/11/22 08:49:13 [31m[WA21901] error load properties open whatap.conf: no such file or directory[0m
2023/11/22 09:02:27 
2023/11/22 09:02:27 ## OPEN LOG FILE  boot  20231122 09:02:27.25 ##
2023/11/22 09:02:27 
2023/11/22 09:02:27 [APP_TYPE] 8
2023/11/22 09:02:27 [Config] okind_name=, onode_name=
2023/11/22 09:02:27 [WA212] fail to load license file
2023/11/22 09:02:27 [31m[WA21901] error load properties open whatap.conf: no such file or directory[0m
2023/11/22 09:02:27 [WA181]  Close TCP connection
2023/11/22 09:02:27 [31m[WA21901] error load properties open whatap.conf: no such file or directory[0m
2023/11/22 09:02:27 [31m[WA21901] error load properties open whatap.conf: no such file or directory[0m
2023/11/22 09:02:27 [31m[WA21901] error load properties open whatap.conf: no such file or directory[0m
2023/11/22 09:02:27 [31m[WA21901] error load properties open whatap.conf: no such file or directory[0m
