2023/09/07 02:37:15 
2023/09/07 02:37:15 ## OPEN LOG FILE  boot  20230907 02:37:15.558 ##
2023/09/07 02:37:15 
2023/09/07 02:37:15 [APP_TYPE] 8
2023/09/07 02:37:15 [Config] okind_name=, onode_name=
2023/09/07 02:37:15 [WA212] fail to load license file
2023/09/07 02:37:15 [31m[WA21901] error load properties open whatap.conf: no such file or directory[0m
2023/09/07 02:37:15 [WA181]  Close TCP connection
2023/09/07 02:37:15 [31m[WA21901] error load properties open whatap.conf: no such file or directory[0m
2023/09/07 02:37:15 [31m[WA21901] error load properties open whatap.conf: no such file or directory[0m
2023/09/07 02:37:15 [31m[WA21901] error load properties open whatap.conf: no such file or directory[0m
2023/09/07 02:37:15 [31m[WA21901] error load properties open whatap.conf: no such file or directory[0m
2023/09/07 02:44:47 
2023/09/07 02:44:47 ## OPEN LOG FILE  boot  20230907 02:44:47.833 ##
2023/09/07 02:44:47 
2023/09/07 02:44:47 [APP_TYPE] 8
2023/09/07 02:44:47 [Config] okind_name=, onode_name=
2023/09/07 02:44:47 [WA212] fail to load license file
2023/09/07 02:44:47 [31m[WA21901] error load properties open whatap.conf: no such file or directory[0m
2023/09/07 02:44:47 [WA181]  Close TCP connection
2023/09/07 02:44:47 [31m[WA21901] error load properties open whatap.conf: no such file or directory[0m
2023/09/07 02:44:47 [31m[WA21901] error load properties open whatap.conf: no such file or directory[0m
2023/09/07 02:44:48 [31m[WA21901] error load properties open whatap.conf: no such file or directory[0m
2023/09/07 02:44:48 [31m[WA21901] error load properties open whatap.conf: no such file or directory[0m
