2023/11/20 05:02:55 
2023/11/20 05:02:55 ## OPEN LOG FILE  boot  20231120 05:02:55.355 ##
2023/11/20 05:02:55 
2023/11/20 05:02:55 [APP_TYPE] 8
2023/11/20 05:02:55 [Config] okind_name=, onode_name=
2023/11/20 05:02:55 [WA212] fail to load license file
2023/11/20 05:02:55 [WA181]  Close TCP connection
2023/11/20 05:11:45 
2023/11/20 05:11:45 ## OPEN LOG FILE  boot  20231120 05:11:45.779 ##
2023/11/20 05:11:45 
2023/11/20 05:11:45 [APP_TYPE] 8
2023/11/20 05:11:45 [Config] okind_name=, onode_name=
2023/11/20 05:11:45 [WA212] fail to load license file
2023/11/20 05:11:45 [WA181]  Close TCP connection
2023/11/20 05:28:09 
2023/11/20 05:28:09 ## OPEN LOG FILE  boot  20231120 05:28:09.981 ##
2023/11/20 05:28:09 
2023/11/20 05:28:09 [APP_TYPE] 8
2023/11/20 05:28:09 [Config] okind_name=, onode_name=
2023/11/20 05:28:09 [WA212] fail to load license file
2023/11/20 05:28:10 [WA181]  Close TCP connection
2023/11/20 05:36:43 
2023/11/20 05:36:43 ## OPEN LOG FILE  boot  20231120 05:36:43.939 ##
2023/11/20 05:36:43 
2023/11/20 05:36:43 [APP_TYPE] 8
2023/11/20 05:36:43 [Config] okind_name=, onode_name=
2023/11/20 05:36:43 [WA212] fail to load license file
2023/11/20 05:36:43 [WA181]  Close TCP connection
2023/11/20 07:47:38 
2023/11/20 07:47:38 ## OPEN LOG FILE  boot  20231120 07:47:38.194 ##
2023/11/20 07:47:38 
2023/11/20 07:47:38 [APP_TYPE] 8
2023/11/20 07:47:38 [Config] okind_name=, onode_name=
2023/11/20 07:47:38 [WA212] fail to load license file
2023/11/20 07:47:38 [WA181]  Close TCP connection
2023/11/20 07:56:23 
2023/11/20 07:56:23 ## OPEN LOG FILE  boot  20231120 07:56:23.43 ##
2023/11/20 07:56:23 
2023/11/20 07:56:23 [APP_TYPE] 8
2023/11/20 07:56:23 [Config] okind_name=, onode_name=
2023/11/20 07:56:23 [WA212] fail to load license file
2023/11/20 07:56:23 [WA181]  Close TCP connection
