2024/03/13 06:50:09 
2024/03/13 06:50:09 ## OPEN LOG FILE  boot  20240313 06:50:09.822 ##
2024/03/13 06:50:09 
2024/03/13 06:50:09 [APP_TYPE] 8
2024/03/13 06:50:09 [Config] okind_name=, onode_name=
2024/03/13 06:50:09 [Config] okind_name=, onode_name=
2024/03/13 06:50:09 [WA214] Config: whatap.conf
2024/03/13 06:50:09 [WA181]  Close TCP connection
2024/03/13 07:41:01 
2024/03/13 07:41:01 ## OPEN LOG FILE  boot  20240313 07:41:01.187 ##
2024/03/13 07:41:01 
2024/03/13 07:41:01 [APP_TYPE] 8
2024/03/13 07:41:01 [Config] okind_name=, onode_name=
2024/03/13 07:41:01 [Config] okind_name=, onode_name=
2024/03/13 07:41:01 [WA214] Config: whatap.conf
2024/03/13 07:41:01 [WA181]  Close TCP connection
2024/03/13 07:51:18 
2024/03/13 07:51:18 ## OPEN LOG FILE  boot  20240313 07:51:18.449 ##
2024/03/13 07:51:18 
2024/03/13 07:51:18 [APP_TYPE] 8
2024/03/13 07:51:18 [Config] okind_name=, onode_name=
2024/03/13 07:51:18 [Config] okind_name=, onode_name=
2024/03/13 07:51:18 [WA214] Config: whatap.conf
2024/03/13 07:51:18 [WA181]  Close TCP connection
