2023/11/22 01:47:05 
2023/11/22 01:47:05 ## OPEN LOG FILE  boot  20231122 01:47:05.346 ##
2023/11/22 01:47:05 
2023/11/22 01:47:05 [WA181]  Close TCP connection
2023/11/22 01:55:20 
2023/11/22 01:55:20 ## OPEN LOG FILE  boot  20231122 01:55:20.707 ##
2023/11/22 01:55:20 
2023/11/22 01:55:20 [APP_TYPE] 8
2023/11/22 01:55:20 [Config] okind_name=, onode_name=
2023/11/22 01:55:20 [WA212] fail to load license file
2023/11/22 01:55:20 [WA181]  Close TCP connection
2023/11/22 02:57:16 
2023/11/22 02:57:16 ## OPEN LOG FILE  boot  20231122 02:57:16.779 ##
2023/11/22 02:57:16 
2023/11/22 02:57:16 [APP_TYPE] 8
2023/11/22 02:57:16 [Config] okind_name=, onode_name=
2023/11/22 02:57:16 [WA212] fail to load license file
2023/11/22 02:57:16 [WA181]  Close TCP connection
2023/11/22 03:06:21 
2023/11/22 03:06:21 ## OPEN LOG FILE  boot  20231122 03:06:21.552 ##
2023/11/22 03:06:21 
2023/11/22 03:06:21 [APP_TYPE] 8
2023/11/22 03:06:21 [Config] okind_name=, onode_name=
2023/11/22 03:06:21 [WA212] fail to load license file
2023/11/22 03:06:21 [WA181]  Close TCP connection
2023/11/22 04:58:13 
2023/11/22 04:58:13 ## OPEN LOG FILE  boot  20231122 04:58:13.687 ##
2023/11/22 04:58:13 
2023/11/22 04:58:13 [APP_TYPE] 8
2023/11/22 04:58:13 [Config] okind_name=, onode_name=
2023/11/22 04:58:13 [WA212] fail to load license file
2023/11/22 04:58:13 [WA181]  Close TCP connection
2023/11/22 05:07:02 
2023/11/22 05:07:02 ## OPEN LOG FILE  boot  20231122 05:07:02.49 ##
2023/11/22 05:07:02 
2023/11/22 05:07:02 [APP_TYPE] 8
2023/11/22 05:07:02 [Config] okind_name=, onode_name=
2023/11/22 05:07:02 [WA212] fail to load license file
2023/11/22 05:07:02 [WA181]  Close TCP connection
2023/11/22 08:50:11 
2023/11/22 08:50:11 ## OPEN LOG FILE  boot  20231122 08:50:11.813 ##
2023/11/22 08:50:11 
2023/11/22 08:50:11 [APP_TYPE] 8
2023/11/22 08:50:11 [Config] okind_name=, onode_name=
2023/11/22 08:50:11 [WA212] fail to load license file
2023/11/22 08:50:11 [WA181]  Close TCP connection
2023/11/22 09:03:58 
2023/11/22 09:03:58 ## OPEN LOG FILE  boot  20231122 09:03:58.95 ##
2023/11/22 09:03:58 
2023/11/22 09:03:58 [APP_TYPE] 8
2023/11/22 09:03:58 [Config] okind_name=, onode_name=
2023/11/22 09:03:58 [WA212] fail to load license file
2023/11/22 09:03:58 [WA181]  Close TCP connection
