2023/06/22 00:15:24 
2023/06/22 00:15:24 ## OPEN LOG FILE  boot  20230622 00:15:24.696 ##
2023/06/22 00:15:24 
2023/06/22 00:15:24 [APP_TYPE] 8
2023/06/22 00:15:24 [Config] okind_name=, onode_name=
2023/06/22 00:15:24 [WA212] fail to load license file
2023/06/22 00:15:24 [WA181]  Close TCP connection
2023/06/22 00:22:26 
2023/06/22 00:22:26 ## OPEN LOG FILE  boot  20230622 00:22:26.285 ##
2023/06/22 00:22:26 
2023/06/22 00:22:26 [APP_TYPE] 8
2023/06/22 00:22:26 [Config] okind_name=, onode_name=
2023/06/22 00:22:26 [WA212] fail to load license file
2023/06/22 00:22:26 [WA181]  Close TCP connection
2023/06/22 00:59:15 
2023/06/22 00:59:15 ## OPEN LOG FILE  boot  20230622 00:59:15.466 ##
2023/06/22 00:59:15 
2023/06/22 00:59:15 [APP_TYPE] 8
2023/06/22 00:59:15 [Config] okind_name=, onode_name=
2023/06/22 00:59:15 [WA212] fail to load license file
2023/06/22 00:59:15 [WA181]  Close TCP connection
2023/06/22 01:06:10 
2023/06/22 01:06:10 ## OPEN LOG FILE  boot  20230622 01:06:10.350 ##
2023/06/22 01:06:10 
2023/06/22 01:06:10 [APP_TYPE] 8
2023/06/22 01:06:10 [Config] okind_name=, onode_name=
2023/06/22 01:06:10 [WA212] fail to load license file
2023/06/22 01:06:10 [WA181]  Close TCP connection
